<?xml version="1.0" encoding="UTF-8"?>
<testsuite xmlns:xsi="http://www.w3.org/2001/XMLSchema-instance" xsi:noNamespaceSchemaLocation="https://maven.apache.org/surefire/maven-surefire-plugin/xsd/surefire-test-report-3.0.xsd" version="3.0" name="TestSuite" time="2.77" tests="8" errors="0" skipped="0" failures="0">
  <properties>
    <property name="java.specification.version" value="20"/>
    <property name="sun.jnu.encoding" value="UTF-8"/>
    <property name="java.class.path" value="/Users/rakeshmajhi/Documents/Ping/PingSafe/target/test-classes:/Users/rakeshmajhi/Documents/Ping/PingSafe/target/classes:/Users/rakeshmajhi/.m2/repository/org/testng/testng/7.7.1/testng-7.7.1.jar:/Users/rakeshmajhi/.m2/repository/com/beust/jcommander/1.82/jcommander-1.82.jar:/Users/rakeshmajhi/.m2/repository/org/webjars/jquery/3.6.1/jquery-3.6.1.jar:/Users/rakeshmajhi/.m2/repository/com/fasterxml/jackson/core/jackson-core/2.15.1/jackson-core-2.15.1.jar:/Users/rakeshmajhi/.m2/repository/com/fasterxml/jackson/core/jackson-annotations/2.15.2/jackson-annotations-2.15.2.jar:/Users/rakeshmajhi/.m2/repository/com/fasterxml/jackson/core/jackson-databind/2.15.2/jackson-databind-2.15.2.jar:/Users/rakeshmajhi/.m2/repository/io/rest-assured/rest-assured/4.4.0/rest-assured-4.4.0.jar:/Users/rakeshmajhi/.m2/repository/org/codehaus/groovy/groovy/3.0.8/groovy-3.0.8.jar:/Users/rakeshmajhi/.m2/repository/org/codehaus/groovy/groovy-xml/3.0.8/groovy-xml-3.0.8.jar:/Users/rakeshmajhi/.m2/repository/org/apache/httpcomponents/httpclient/4.5.13/httpclient-4.5.13.jar:/Users/rakeshmajhi/.m2/repository/org/apache/httpcomponents/httpcore/4.4.13/httpcore-4.4.13.jar:/Users/rakeshmajhi/.m2/repository/commons-logging/commons-logging/1.2/commons-logging-1.2.jar:/Users/rakeshmajhi/.m2/repository/commons-codec/commons-codec/1.11/commons-codec-1.11.jar:/Users/rakeshmajhi/.m2/repository/org/apache/httpcomponents/httpmime/4.5.13/httpmime-4.5.13.jar:/Users/rakeshmajhi/.m2/repository/org/hamcrest/hamcrest/2.1/hamcrest-2.1.jar:/Users/rakeshmajhi/.m2/repository/org/ccil/cowan/tagsoup/tagsoup/1.2.1/tagsoup-1.2.1.jar:/Users/rakeshmajhi/.m2/repository/io/rest-assured/json-path/4.4.0/json-path-4.4.0.jar:/Users/rakeshmajhi/.m2/repository/org/codehaus/groovy/groovy-json/3.0.8/groovy-json-3.0.8.jar:/Users/rakeshmajhi/.m2/repository/io/rest-assured/rest-assured-common/4.4.0/rest-assured-common-4.4.0.jar:/Users/rakeshmajhi/.m2/repository/io/rest-assured/xml-path/4.4.0/xml-path-4.4.0.jar:/Users/rakeshmajhi/.m2/repository/jakarta/xml/bind/jakarta.xml.bind-api/2.3.3/jakarta.xml.bind-api-2.3.3.jar:/Users/rakeshmajhi/.m2/repository/jakarta/activation/jakarta.activation-api/1.2.2/jakarta.activation-api-1.2.2.jar:/Users/rakeshmajhi/.m2/repository/com/sun/xml/bind/jaxb-impl/2.3.3/jaxb-impl-2.3.3.jar:/Users/rakeshmajhi/.m2/repository/org/projectlombok/lombok/1.18.26/lombok-1.18.26.jar:/Users/rakeshmajhi/.m2/repository/com/mysql/mysql-connector-j/8.0.33/mysql-connector-j-8.0.33.jar:/Users/rakeshmajhi/.m2/repository/com/google/protobuf/protobuf-java/3.21.9/protobuf-java-3.21.9.jar:/Users/rakeshmajhi/.m2/repository/com/github/javafaker/javafaker/1.0.2/javafaker-1.0.2.jar:/Users/rakeshmajhi/.m2/repository/org/apache/commons/commons-lang3/3.5/commons-lang3-3.5.jar:/Users/rakeshmajhi/.m2/repository/org/yaml/snakeyaml/1.23/snakeyaml-1.23-android.jar:/Users/rakeshmajhi/.m2/repository/com/github/mifmif/generex/1.0.2/generex-1.0.2.jar:/Users/rakeshmajhi/.m2/repository/dk/brics/automaton/automaton/1.11-8/automaton-1.11-8.jar:/Users/rakeshmajhi/.m2/repository/com/github/dzieciou/testing/curl-logger/1.0.4/curl-logger-1.0.4.jar:/Users/rakeshmajhi/.m2/repository/org/slf4j/slf4j-api/1.6.6/slf4j-api-1.6.6.jar:/Users/rakeshmajhi/.m2/repository/ch/qos/logback/logback-classic/1.0.9/logback-classic-1.0.9.jar:/Users/rakeshmajhi/.m2/repository/ch/qos/logback/logback-core/1.0.9/logback-core-1.0.9.jar:/Users/rakeshmajhi/.m2/repository/org/xerial/sqlite-jdbc/3.42.0.0/sqlite-jdbc-3.42.0.0.jar:"/>
    <property name="java.vm.vendor" value="Oracle Corporation"/>
    <property name="sun.arch.data.model" value="64"/>
    <property name="java.vendor.url" value="https://java.oracle.com/"/>
    <property name="user.timezone" value="Asia/Kolkata"/>
    <property name="os.name" value="Mac OS X"/>
    <property name="java.vm.specification.version" value="20"/>
    <property name="sun.java.launcher" value="SUN_STANDARD"/>
    <property name="user.country" value="IN"/>
    <property name="sun.boot.library.path" value="/Library/Java/JavaVirtualMachines/jdk-20.jdk/Contents/Home/lib"/>
    <property name="sun.java.command" value="/Users/rakeshmajhi/Documents/Ping/PingSafe/target/surefire/surefirebooter-20230808132831856_3.jar /Users/rakeshmajhi/Documents/Ping/PingSafe/target/surefire 2023-08-08T13-28-31_776-jvmRun1 surefire-20230808132831856_1tmp surefire_0-20230808132831856_2tmp"/>
    <property name="http.nonProxyHosts" value="local|*.local|169.254/16|*.169.254/16"/>
    <property name="jdk.debug" value="release"/>
    <property name="surefire.test.class.path" value="/Users/rakeshmajhi/Documents/Ping/PingSafe/target/test-classes:/Users/rakeshmajhi/Documents/Ping/PingSafe/target/classes:/Users/rakeshmajhi/.m2/repository/org/testng/testng/7.7.1/testng-7.7.1.jar:/Users/rakeshmajhi/.m2/repository/com/beust/jcommander/1.82/jcommander-1.82.jar:/Users/rakeshmajhi/.m2/repository/org/webjars/jquery/3.6.1/jquery-3.6.1.jar:/Users/rakeshmajhi/.m2/repository/com/fasterxml/jackson/core/jackson-core/2.15.1/jackson-core-2.15.1.jar:/Users/rakeshmajhi/.m2/repository/com/fasterxml/jackson/core/jackson-annotations/2.15.2/jackson-annotations-2.15.2.jar:/Users/rakeshmajhi/.m2/repository/com/fasterxml/jackson/core/jackson-databind/2.15.2/jackson-databind-2.15.2.jar:/Users/rakeshmajhi/.m2/repository/io/rest-assured/rest-assured/4.4.0/rest-assured-4.4.0.jar:/Users/rakeshmajhi/.m2/repository/org/codehaus/groovy/groovy/3.0.8/groovy-3.0.8.jar:/Users/rakeshmajhi/.m2/repository/org/codehaus/groovy/groovy-xml/3.0.8/groovy-xml-3.0.8.jar:/Users/rakeshmajhi/.m2/repository/org/apache/httpcomponents/httpclient/4.5.13/httpclient-4.5.13.jar:/Users/rakeshmajhi/.m2/repository/org/apache/httpcomponents/httpcore/4.4.13/httpcore-4.4.13.jar:/Users/rakeshmajhi/.m2/repository/commons-logging/commons-logging/1.2/commons-logging-1.2.jar:/Users/rakeshmajhi/.m2/repository/commons-codec/commons-codec/1.11/commons-codec-1.11.jar:/Users/rakeshmajhi/.m2/repository/org/apache/httpcomponents/httpmime/4.5.13/httpmime-4.5.13.jar:/Users/rakeshmajhi/.m2/repository/org/hamcrest/hamcrest/2.1/hamcrest-2.1.jar:/Users/rakeshmajhi/.m2/repository/org/ccil/cowan/tagsoup/tagsoup/1.2.1/tagsoup-1.2.1.jar:/Users/rakeshmajhi/.m2/repository/io/rest-assured/json-path/4.4.0/json-path-4.4.0.jar:/Users/rakeshmajhi/.m2/repository/org/codehaus/groovy/groovy-json/3.0.8/groovy-json-3.0.8.jar:/Users/rakeshmajhi/.m2/repository/io/rest-assured/rest-assured-common/4.4.0/rest-assured-common-4.4.0.jar:/Users/rakeshmajhi/.m2/repository/io/rest-assured/xml-path/4.4.0/xml-path-4.4.0.jar:/Users/rakeshmajhi/.m2/repository/jakarta/xml/bind/jakarta.xml.bind-api/2.3.3/jakarta.xml.bind-api-2.3.3.jar:/Users/rakeshmajhi/.m2/repository/jakarta/activation/jakarta.activation-api/1.2.2/jakarta.activation-api-1.2.2.jar:/Users/rakeshmajhi/.m2/repository/com/sun/xml/bind/jaxb-impl/2.3.3/jaxb-impl-2.3.3.jar:/Users/rakeshmajhi/.m2/repository/org/projectlombok/lombok/1.18.26/lombok-1.18.26.jar:/Users/rakeshmajhi/.m2/repository/com/mysql/mysql-connector-j/8.0.33/mysql-connector-j-8.0.33.jar:/Users/rakeshmajhi/.m2/repository/com/google/protobuf/protobuf-java/3.21.9/protobuf-java-3.21.9.jar:/Users/rakeshmajhi/.m2/repository/com/github/javafaker/javafaker/1.0.2/javafaker-1.0.2.jar:/Users/rakeshmajhi/.m2/repository/org/apache/commons/commons-lang3/3.5/commons-lang3-3.5.jar:/Users/rakeshmajhi/.m2/repository/org/yaml/snakeyaml/1.23/snakeyaml-1.23-android.jar:/Users/rakeshmajhi/.m2/repository/com/github/mifmif/generex/1.0.2/generex-1.0.2.jar:/Users/rakeshmajhi/.m2/repository/dk/brics/automaton/automaton/1.11-8/automaton-1.11-8.jar:/Users/rakeshmajhi/.m2/repository/com/github/dzieciou/testing/curl-logger/1.0.4/curl-logger-1.0.4.jar:/Users/rakeshmajhi/.m2/repository/org/slf4j/slf4j-api/1.6.6/slf4j-api-1.6.6.jar:/Users/rakeshmajhi/.m2/repository/ch/qos/logback/logback-classic/1.0.9/logback-classic-1.0.9.jar:/Users/rakeshmajhi/.m2/repository/ch/qos/logback/logback-core/1.0.9/logback-core-1.0.9.jar:/Users/rakeshmajhi/.m2/repository/org/xerial/sqlite-jdbc/3.42.0.0/sqlite-jdbc-3.42.0.0.jar:"/>
    <property name="sun.cpu.endian" value="little"/>
    <property name="user.home" value="/Users/rakeshmajhi"/>
    <property name="user.language" value="en"/>
    <property name="java.specification.vendor" value="Oracle Corporation"/>
    <property name="java.version.date" value="2023-07-18"/>
    <property name="java.home" value="/Library/Java/JavaVirtualMachines/jdk-20.jdk/Contents/Home"/>
    <property name="file.separator" value="/"/>
    <property name="basedir" value="/Users/rakeshmajhi/Documents/Ping/PingSafe"/>
    <property name="java.vm.compressedOopsMode" value="Zero based"/>
    <property name="line.separator" value="&#10;"/>
    <property name="java.vm.specification.vendor" value="Oracle Corporation"/>
    <property name="java.specification.name" value="Java Platform API Specification"/>
    <property name="apple.awt.application.name" value="ForkedBooter"/>
    <property name="surefire.real.class.path" value="/Users/rakeshmajhi/Documents/Ping/PingSafe/target/surefire/surefirebooter-20230808132831856_3.jar"/>
    <property name="sun.management.compiler" value="HotSpot 64-Bit Tiered Compilers"/>
    <property name="ftp.nonProxyHosts" value="local|*.local|169.254/16|*.169.254/16"/>
    <property name="java.runtime.version" value="20.0.2+9-78"/>
    <property name="user.name" value="rakeshmajhi"/>
    <property name="stdout.encoding" value="US-ASCII"/>
    <property name="path.separator" value=":"/>
    <property name="os.version" value="13.4.1"/>
    <property name="java.runtime.name" value="Java(TM) SE Runtime Environment"/>
    <property name="file.encoding" value="UTF-8"/>
    <property name="java.vm.name" value="Java HotSpot(TM) 64-Bit Server VM"/>
    <property name="localRepository" value="/Users/rakeshmajhi/.m2/repository"/>
    <property name="java.vendor.url.bug" value="https://bugreport.java.com/bugreport/"/>
    <property name="java.io.tmpdir" value="/var/folders/y9/cxw6hy655_s5rtx621k8qcrc0000gn/T/"/>
    <property name="java.version" value="20.0.2"/>
    <property name="user.dir" value="/Users/rakeshmajhi/Documents/Ping/PingSafe"/>
    <property name="os.arch" value="x86_64"/>
    <property name="java.vm.specification.name" value="Java Virtual Machine Specification"/>
    <property name="native.encoding" value="US-ASCII"/>
    <property name="java.library.path" value="/Users/rakeshmajhi/Library/Java/Extensions:/Library/Java/Extensions:/Network/Library/Java/Extensions:/System/Library/Java/Extensions:/usr/lib/java:."/>
    <property name="java.vm.info" value="mixed mode, sharing"/>
    <property name="stderr.encoding" value="US-ASCII"/>
    <property name="java.vendor" value="Oracle Corporation"/>
    <property name="java.vm.version" value="20.0.2+9-78"/>
    <property name="sun.io.unicode.encoding" value="UnicodeBig"/>
    <property name="socksNonProxyHosts" value="local|*.local|169.254/16|*.169.254/16"/>
    <property name="java.class.version" value="64.0"/>
  </properties>
  <testcase name="createCustomer[Customer(id=3453, name=Avery, phoneNumber=7996614318), post_success](1)" classname="com.pingSafe.test.Customers.CustomerE2E" time="1.828">
    <system-out><![CDATA[13:28:32.224 [main] DEBUG org.testng.TestNG - suiteXmlPath: "/Users/rakeshmajhi/Documents/Ping/PingSafe/testng.xml"
13:28:32.396 [main] INFO  org.testng.internal.Utils - [Utils] MethodGroupsHelper.collectMethodsByGroup() took 4 ms.
13:28:32.407 [main] INFO  org.testng.internal.Utils - [Utils] MethodGroupsHelper.sortMethods() took 9 ms.
13:28:32.407 [main] INFO  org.testng.internal.Utils - [Utils] MethodGroupsHelper.collectMethodsByGroup() took 0 ms.
13:28:32.407 [main] INFO  org.testng.internal.Utils - [Utils] MethodGroupsHelper.sortMethods() took 0 ms.
13:28:32.408 [main] INFO  org.testng.internal.Utils - [Utils] MethodGroupsHelper.collectMethodsByGroup() took 0 ms.
13:28:32.408 [main] INFO  org.testng.internal.Utils - [Utils] MethodGroupsHelper.sortMethods() took 0 ms.
13:28:32.408 [main] INFO  org.testng.internal.Utils - [Utils] MethodGroupsHelper.collectMethodsByGroup() took 0 ms.
13:28:32.408 [main] INFO  org.testng.internal.Utils - [Utils] MethodGroupsHelper.sortMethods() took 0 ms.
13:28:32.409 [main] INFO  org.testng.internal.Utils - [Utils] MethodGroupsHelper.collectMethodsByGroup() took 0 ms.
13:28:32.409 [main] INFO  org.testng.internal.Utils - [Utils] MethodGroupsHelper.sortMethods() took 0 ms.
13:28:32.409 [main] INFO  org.testng.internal.Utils - [Utils] MethodGroupsHelper.collectMethodsByGroup() took 0 ms.
13:28:32.409 [main] INFO  org.testng.internal.Utils - [Utils] MethodGroupsHelper.sortMethods() took 0 ms.
13:28:32.410 [main] INFO  org.testng.internal.Utils - [Utils] MethodGroupsHelper.collectMethodsByGroup() took 0 ms.
13:28:32.410 [main] INFO  org.testng.internal.Utils - [Utils] MethodGroupsHelper.sortMethods() took 0 ms.
13:28:32.410 [main] INFO  org.testng.internal.Utils - [Utils] MethodGroupsHelper.collectMethodsByGroup() took 0 ms.
13:28:32.410 [main] INFO  org.testng.internal.Utils - [Utils] MethodGroupsHelper.sortMethods() took 0 ms.
13:28:32.412 [main] INFO  org.testng.internal.Utils - [Utils] MethodGroupsHelper.collectMethodsByGroup() took 0 ms.
13:28:32.412 [main] INFO  org.testng.internal.Utils - [Utils] MethodGroupsHelper.sortMethods() took 0 ms.
13:28:32.412 [main] INFO  org.testng.internal.Utils - [Utils] MethodGroupsHelper.collectMethodsByGroup() took 0 ms.
13:28:32.412 [main] INFO  org.testng.internal.Utils - [Utils] MethodGroupsHelper.sortMethods() took 0 ms.
13:28:32.414 [main] INFO  org.testng.internal.Utils - [Utils] MethodGroupsHelper.collectMethodsByGroup() took 0 ms.
13:28:32.414 [main] INFO  org.testng.internal.Utils - [Utils] MethodGroupsHelper.sortMethods() took 0 ms.
13:28:32.414 [main] INFO  org.testng.internal.Utils - [Utils] MethodGroupsHelper.collectMethodsByGroup() took 0 ms.
13:28:32.414 [main] INFO  org.testng.internal.Utils - [Utils] MethodGroupsHelper.sortMethods() took 0 ms.
13:28:32.415 [main] INFO  org.testng.internal.Utils - [Utils] MethodGroupsHelper.collectMethodsByGroup() took 0 ms.
13:28:32.416 [main] INFO  org.testng.internal.Utils - [Utils] MethodGroupsHelper.sortMethods() took 0 ms.
13:28:32.417 [main] INFO  org.testng.internal.Utils - [Utils] MethodGroupsHelper.collectMethodsByGroup() took 0 ms.
13:28:32.417 [main] INFO  org.testng.internal.Utils - [Utils] MethodGroupsHelper.sortMethods() took 0 ms.
13:28:32.417 [main] INFO  org.testng.internal.Utils - [Utils] MethodGroupsHelper.collectMethodsByGroup() took 0 ms.
13:28:32.417 [main] INFO  org.testng.internal.Utils - [Utils] MethodGroupsHelper.sortMethods() took 0 ms.
13:28:32.441 [main] INFO  org.testng.internal.Utils - [Utils] DynamicGraphHelper.createDynamicGraph() took 2 ms.
Request method:	POST
Request URI:	http://localhost:8888/api
Proxy:			<none>
Request params:	<none>
Query params:	<none>
Form params:	<none>
Path params:	<none>
Headers:		Accept=application/json
				x-session-token=authorized-user
				user-agent=application/postscript
				Content-Type=application/json
Cookies:		<none>
Multiparts:		<none>
Body:
{
    "id": "3453",
    "name": "Avery",
    "phone_number": "7996614318"
}
HTTP/1.1 200 OK
Content-Type: application/json; charset=utf-8
Date: Tue, 08 Aug 2023 07:58:33 GMT
Content-Length: 30

{
    "message": "customer created"
}
]]></system-out>
  </testcase>
  <testcase name="createCustomer[Customer(id=3453, name=Avery, phoneNumber=7996614318), post_sameDataError](2)" classname="com.pingSafe.test.Customers.CustomerE2E" time="0.026">
    <system-out><![CDATA[Request method:	POST
Request URI:	http://localhost:8888/api
Proxy:			<none>
Request params:	<none>
Query params:	<none>
Form params:	<none>
Path params:	<none>
Headers:		Accept=application/json
				x-session-token=authorized-user
				user-agent=application/postscript
				Content-Type=application/json
Cookies:		<none>
Multiparts:		<none>
Body:
{
    "id": "3453",
    "name": "Avery",
    "phone_number": "7996614318"
}
HTTP/1.1 500 Internal Server Error
Content-Type: application/json; charset=utf-8
Date: Tue, 08 Aug 2023 07:58:34 GMT
Content-Length: 50

{
    "error": "UNIQUE constraint failed: customers.id"
}
]]></system-out>
  </testcase>
  <testcase name="createCustomer[Customer(id=6305, name=Martin, phoneNumber=03551858), post_mobileNumCountError](3)" classname="com.pingSafe.test.Customers.CustomerE2E" time="0.031">
    <system-out><![CDATA[Request method:	POST
Request URI:	http://localhost:8888/api
Proxy:			<none>
Request params:	<none>
Query params:	<none>
Form params:	<none>
Path params:	<none>
Headers:		Accept=application/json
				x-session-token=authorized-user
				user-agent=application/postscript
				Content-Type=application/json
Cookies:		<none>
Multiparts:		<none>
Body:
{
    "id": "6305",
    "name": "Martin",
    "phone_number": "03551858"
}
HTTP/1.1 500 Internal Server Error
Content-Type: application/json; charset=utf-8
Date: Tue, 08 Aug 2023 07:58:34 GMT
Content-Length: 62

{
    "error": "CHECK constraint failed: length(phone_number) = 10"
}
]]></system-out>
  </testcase>
  <testcase name="getCustomerDetails[2974, {x-session-token=authorized-user, Accept=application/json, user-agent=application/postscript, Content-Type=application/json}, get_success](1)" classname="com.pingSafe.test.Customers.CustomerE2E" time="0.082">
    <system-out><![CDATA[Request method:	GET
Request URI:	http://localhost:8888/api?id=2974
Proxy:			<none>
Request params:	<none>
Query params:	id=2974
Form params:	<none>
Path params:	<none>
Headers:		Accept=application/json
				x-session-token=authorized-user
				user-agent=application/postscript
				Content-Type=application/json
Cookies:		<none>
Multiparts:		<none>
Body:			<none>
HTTP/1.1 200 OK
Content-Type: application/json; charset=utf-8
Date: Tue, 08 Aug 2023 07:58:34 GMT
Content-Length: 73

{
    "id": "2974",
    "name": "Concha",
    "phone_number": "2283138184",
    "sms_sent": true
}
------200
]]></system-out>
  </testcase>
  <testcase name="getCustomerDetails[, {x-session-token=authorized-user, Accept=application/json, user-agent=application/postscript, Content-Type=application/json}, get_invalid](2)" classname="com.pingSafe.test.Customers.CustomerE2E" time="0.016">
    <system-out><![CDATA[Request method:	GET
Request URI:	http://localhost:8888/api?id=
Proxy:			<none>
Request params:	<none>
Query params:	id=
Form params:	<none>
Path params:	<none>
Headers:		Accept=application/json
				x-session-token=authorized-user
				user-agent=application/postscript
				Content-Type=application/json
Cookies:		<none>
Multiparts:		<none>
Body:			<none>
HTTP/1.1 400 Bad Request
Content-Type: application/json; charset=utf-8
Date: Tue, 08 Aug 2023 07:58:34 GMT
Content-Length: 70

{
    "error": "malformed request"
}{
    "error": "error while fetching customer"
}
------400
]]></system-out>
  </testcase>
  <testcase name="getCustomerDetails[8989, {}, get_forbidden](3)" classname="com.pingSafe.test.Customers.CustomerE2E" time="0.025">
    <system-out><![CDATA[Request method:	GET
Request URI:	http://localhost:8888/api?id=8989
Proxy:			<none>
Request params:	<none>
Query params:	id=8989
Form params:	<none>
Path params:	<none>
Headers:		Accept=*/*
Cookies:		<none>
Multiparts:		<none>
Body:			<none>
HTTP/1.1 403 Forbidden
Content-Type: application/json; charset=utf-8
Date: Tue, 08 Aug 2023 07:58:34 GMT
Content-Length: 44

{
    "error": "request cannot be authenticated!"
}
------403
]]></system-out>
  </testcase>
  <testcase name="getCustomerDetails[126, {x-session-token=authorized-user, user-agent=bot-application/postscript}, get_BOT](4)" classname="com.pingSafe.test.Customers.CustomerE2E" time="0.019">
    <system-out><![CDATA[Request method:	GET
Request URI:	http://localhost:8888/api?id=126
Proxy:			<none>
Request params:	<none>
Query params:	id=126
Form params:	<none>
Path params:	<none>
Headers:		x-session-token=authorized-user
				user-agent=bot-application/postscript
				Accept=*/*
Cookies:		<none>
Multiparts:		<none>
Body:			<none>
HTTP/1.1 400 Bad Request
Content-Type: application/json; charset=utf-8
Date: Tue, 08 Aug 2023 07:58:34 GMT
Content-Length: 29

{
    "error": "bad bot, go away!"
}
------400
]]></system-out>
  </testcase>
  <testcase name="getCustomerDetails[968, {x-session-token=Unauthorized-user, user-agent=bot-application/postscript}, get_forbidden](5)" classname="com.pingSafe.test.Customers.CustomerE2E" time="0.021">
    <system-out><![CDATA[Request method:	GET
Request URI:	http://localhost:8888/api?id=968
Proxy:			<none>
Request params:	<none>
Query params:	id=968
Form params:	<none>
Path params:	<none>
Headers:		x-session-token=Unauthorized-user
				user-agent=bot-application/postscript
				Accept=*/*
Cookies:		<none>
Multiparts:		<none>
Body:			<none>
HTTP/1.1 403 Forbidden
Content-Type: application/json; charset=utf-8
Date: Tue, 08 Aug 2023 07:58:34 GMT
Content-Length: 44

{
    "error": "request cannot be authenticated!"
}
------403
]]></system-out>
  </testcase>
</testsuite>