<?xml version="1.0" encoding="UTF-8"?>
<!-- Generated by org.testng.reporters.JUnitReportReporter -->
<testsuite hostname="Rakeshs-MBP" failures="0" tests="8" name="com.pingSafe.test.Customers.CustomerE2E" time="2.046" errors="0" timestamp="2023-08-08T13:28:34 IST" skipped="0">
  <testcase classname="com.pingSafe.test.Customers.CustomerE2E" name="getCustomerDetails" time="0.017"/>
  <system-out/>
  <testcase classname="com.pingSafe.test.Customers.CustomerE2E" name="getCustomerDetails" time="0.019"/>
  <system-out/>
  <testcase classname="com.pingSafe.test.Customers.CustomerE2E" name="getCustomerDetails" time="0.021"/>
  <system-out/>
  <testcase classname="com.pingSafe.test.Customers.CustomerE2E" name="createCustomer" time="0.026"/>
  <system-out/>
  <testcase classname="com.pingSafe.test.Customers.CustomerE2E" name="getCustomerDetails" time="0.081"/>
  <system-out/>
  <testcase classname="com.pingSafe.test.Customers.CustomerE2E" name="createCustomer" time="0.031"/>
  <system-out/>
  <testcase classname="com.pingSafe.test.Customers.CustomerE2E" name="getCustomerDetails" time="0.024"/>
  <system-out/>
  <testcase classname="com.pingSafe.test.Customers.CustomerE2E" name="createCustomer" time="1.827"/>
  <system-out/>
</testsuite> <!-- com.pingSafe.test.Customers.CustomerE2E -->
